{
  "RSpec": {
    "coverage": {
      "/home/mifrill/Desktop/Ruby/241/robot_square_tabletop/app/app.rb": [
        1,
        1,
        null,
        1,
        1,
        1,
        0,
        0,
        null,
        null,
        1,
        0,
        null,
        null,
        null
      ],
      "/home/mifrill/Desktop/Ruby/241/robot_square_tabletop/config/settings.rb": [
        1,
        1,
        null,
        1,
        1,
        1,
        1,
        1,
        null,
        null,
        1,
        1,
        1,
        5,
        null,
        null,
        null,
        null
      ],
      "/home/mifrill/Desktop/Ruby/241/robot_square_tabletop/app/square.rb": [
        1,
        null,
        1,
        1,
        1,
        0,
        0,
        0,
        null,
        null,
        null,
        0,
        null,
        0,
        0,
        0,
        null,
        0,
        0,
        0,
        null,
        null,
        1,
        1,
        null,
        null,
        1,
        0,
        null,
        null,
        1,
        0,
        null,
        null,
        null
      ]
    },
    "timestamp": 1500470827
  }
}
